# JRE version: OpenJDK Runtime Environment (8.0_242-b01) (build 1.8.0_242-release-1644-b01)
# Java VM: OpenJDK 64-Bit Server VM (25.242-b01 mixed mode windows-amd64 compressed oops)
Heap:
 PSYoungGen      total 64000K, used 9853K [0x00000000d5580000, 0x00000000d9a80000, 0x0000000100000000)
  eden space 58368K, 7% used [0x00000000d5580000,0x00000000d59a2b10,0x00000000d8e80000)
  from space 5632K, 99% used [0x00000000d9500000,0x00000000d9a7cbd8,0x00000000d9a80000)
  to   space 4608K, 0% used [0x00000000d9080000,0x00000000d9080000,0x00000000d9500000)
 ParOldGen       total 38912K, used 33978K [0x0000000080000000, 0x0000000082600000, 0x00000000d5580000)
  object space 38912K, 87% used [0x0000000080000000,0x000000008212ebb8,0x0000000082600000)
 Metaspace       used 52468K, capacity 54618K, committed 55000K, reserved 1097728K
  class space    used 6872K, capacity 7309K, committed 7424K, reserved 1048576K
GC Heap History (10 events):
Event: 52.372 GC heap before
{Heap before GC invocations=32 (full 2):
 PSYoungGen      total 46592K, used 43419K [0x00000000d5580000, 0x00000000d9000000, 0x0000000100000000)
  eden space 41984K, 100% used [0x00000000d5580000,0x00000000d7e80000,0x00000000d7e80000)
  from space 4608K, 31% used [0x00000000d7e80000,0x00000000d7fe6e18,0x00000000d8300000)
  to   space 4608K, 0% used [0x00000000d8b80000,0x00000000d8b80000,0x00000000d9000000)
 ParOldGen       total 38912K, used 21963K [0x0000000080000000, 0x0000000082600000, 0x00000000d5580000)
  object space 38912K, 56% used [0x0000000080000000,0x0000000081572d88,0x0000000082600000)
 Metaspace       used 36411K, capacity 37620K, committed 37976K, reserved 1081344K
  class space    used 4813K, capacity 5122K, committed 5248K, reserved 1048576K
Event: 52.376 GC heap after
Heap after GC invocations=32 (full 2):
 PSYoungGen      total 54272K, used 1111K [0x00000000d5580000, 0x00000000d8f00000, 0x0000000100000000)
  eden space 50688K, 0% used [0x00000000d5580000,0x00000000d5580000,0x00000000d8700000)
  from space 3584K, 31% used [0x00000000d8b80000,0x00000000d8c95d18,0x00000000d8f00000)
  to   space 4096K, 0% used [0x00000000d8700000,0x00000000d8700000,0x00000000d8b00000)
 ParOldGen       total 38912K, used 23374K [0x0000000080000000, 0x0000000082600000, 0x00000000d5580000)
  object space 38912K, 60% used [0x0000000080000000,0x00000000816d3ba0,0x0000000082600000)
 Metaspace       used 36411K, capacity 37620K, committed 37976K, reserved 1081344K
  class space    used 4813K, capacity 5122K, committed 5248K, reserved 1048576K
}
Event: 55.759 GC heap before
{Heap before GC invocations=33 (full 2):
 PSYoungGen      total 54272K, used 51799K [0x00000000d5580000, 0x00000000d8f00000, 0x0000000100000000)
  eden space 50688K, 100% used [0x00000000d5580000,0x00000000d8700000,0x00000000d8700000)
  from space 3584K, 31% used [0x00000000d8b80000,0x00000000d8c95d18,0x00000000d8f00000)
  to   space 4096K, 0% used [0x00000000d8700000,0x00000000d8700000,0x00000000d8b00000)
 ParOldGen       total 38912K, used 23374K [0x0000000080000000, 0x0000000082600000, 0x00000000d5580000)
  object space 38912K, 60% used [0x0000000080000000,0x00000000816d3ba0,0x0000000082600000)
 Metaspace       used 39153K, capacity 40552K, committed 40792K, reserved 1085440K
  class space    used 5178K, capacity 5488K, committed 5504K, reserved 1048576K
Event: 55.777 GC heap after
Heap after GC invocations=33 (full 2):
 PSYoungGen      total 54784K, used 4073K [0x00000000d5580000, 0x00000000d9c00000, 0x0000000100000000)
  eden space 50688K, 0% used [0x00000000d5580000,0x00000000d5580000,0x00000000d8700000)
  from space 4096K, 99% used [0x00000000d8700000,0x00000000d8afa778,0x00000000d8b00000)
  to   space 5632K, 0% used [0x00000000d9680000,0x00000000d9680000,0x00000000d9c00000)
 ParOldGen       total 38912K, used 25267K [0x0000000080000000, 0x0000000082600000, 0x00000000d5580000)
  object space 38912K, 64% used [0x0000000080000000,0x00000000818acfe0,0x0000000082600000)
 Metaspace       used 39153K, capacity 40552K, committed 40792K, reserved 1085440K
  class space    used 5178K, capacity 5488K, committed 5504K, reserved 1048576K
}
Event: 57.879 GC heap before
{Heap before GC invocations=34 (full 2):
 PSYoungGen      total 54784K, used 54761K [0x00000000d5580000, 0x00000000d9c00000, 0x0000000100000000)
  eden space 50688K, 100% used [0x00000000d5580000,0x00000000d8700000,0x00000000d8700000)
  from space 4096K, 99% used [0x00000000d8700000,0x00000000d8afa778,0x00000000d8b00000)
  to   space 5632K, 0% used [0x00000000d9680000,0x00000000d9680000,0x00000000d9c00000)
 ParOldGen       total 38912K, used 25267K [0x0000000080000000, 0x0000000082600000, 0x00000000d5580000)
  object space 38912K, 64% used [0x0000000080000000,0x00000000818acfe0,0x0000000082600000)
 Metaspace       used 41188K, capacity 42854K, committed 42968K, reserved 1087488K
  class space    used 5528K, capacity 5888K, committed 5888K, reserved 1048576K
Event: 57.892 GC heap after
Heap after GC invocations=34 (full 2):
 PSYoungGen      total 66048K, used 4033K [0x00000000d5580000, 0x00000000d9c80000, 0x0000000100000000)
  eden space 60416K, 0% used [0x00000000d5580000,0x00000000d5580000,0x00000000d9080000)
  from space 5632K, 71% used [0x00000000d9680000,0x00000000d9a70600,0x00000000d9c00000)
  to   space 6144K, 0% used [0x00000000d9080000,0x00000000d9080000,0x00000000d9680000)
 ParOldGen       total 38912K, used 28268K [0x0000000080000000, 0x0000000082600000, 0x00000000d5580000)
  object space 38912K, 72% used [0x0000000080000000,0x0000000081b9b010,0x0000000082600000)
 Metaspace       used 41188K, capacity 42854K, committed 42968K, reserved 1087488K
  class space    used 5528K, capacity 5888K, committed 5888K, reserved 1048576K
}
Event: 80.343 GC heap before
{Heap before GC invocations=35 (full 2):
 PSYoungGen      total 66048K, used 64449K [0x00000000d5580000, 0x00000000d9c80000, 0x0000000100000000)
  eden space 60416K, 100% used [0x00000000d5580000,0x00000000d9080000,0x00000000d9080000)
  from space 5632K, 71% used [0x00000000d9680000,0x00000000d9a70600,0x00000000d9c00000)
  to   space 6144K, 0% used [0x00000000d9080000,0x00000000d9080000,0x00000000d9680000)
 ParOldGen       total 38912K, used 28268K [0x0000000080000000, 0x0000000082600000, 0x00000000d5580000)
  object space 38912K, 72% used [0x0000000080000000,0x0000000081b9b010,0x0000000082600000)
 Metaspace       used 43399K, capacity 45430K, committed 45656K, reserved 1089536K
  class space    used 5808K, capacity 6221K, committed 6272K, reserved 1048576K
Event: 80.363 GC heap after
Heap after GC invocations=35 (full 2):
 PSYoungGen      total 62976K, used 4170K [0x00000000d5580000, 0x00000000d9a80000, 0x0000000100000000)
  eden space 58368K, 0% used [0x00000000d5580000,0x00000000d5580000,0x00000000d8e80000)
  from space 4608K, 90% used [0x00000000d9080000,0x00000000d9492800,0x00000000d9500000)
  to   space 5632K, 0% used [0x00000000d9500000,0x00000000d9500000,0x00000000d9a80000)
 ParOldGen       total 38912K, used 30405K [0x0000000080000000, 0x0000000082600000, 0x00000000d5580000)
  object space 38912K, 78% used [0x0000000080000000,0x0000000081db16d0,0x0000000082600000)
 Metaspace       used 43399K, capacity 45430K, committed 45656K, reserved 1089536K
  class space    used 5808K, capacity 6221K, committed 6272K, reserved 1048576K
}
Event: 85.967 GC heap before
{Heap before GC invocations=36 (full 2):
 PSYoungGen      total 62976K, used 62538K [0x00000000d5580000, 0x00000000d9a80000, 0x0000000100000000)
  eden space 58368K, 100% used [0x00000000d5580000,0x00000000d8e80000,0x00000000d8e80000)
  from space 4608K, 90% used [0x00000000d9080000,0x00000000d9492800,0x00000000d9500000)
  to   space 5632K, 0% used [0x00000000d9500000,0x00000000d9500000,0x00000000d9a80000)
 ParOldGen       total 38912K, used 30405K [0x0000000080000000, 0x0000000082600000, 0x00000000d5580000)
  object space 38912K, 78% used [0x0000000080000000,0x0000000081db16d0,0x0000000082600000)
 Metaspace       used 51557K, capacity 53754K, committed 54104K, reserved 1095680K
  class space    used 6773K, capacity 7213K, committed 7296K, reserved 1048576K
Event: 86.026 GC heap after
Heap after GC invocations=36 (full 2):
 PSYoungGen      total 64000K, used 5618K [0x00000000d5580000, 0x00000000d9a80000, 0x0000000100000000)
  eden space 58368K, 0% used [0x00000000d5580000,0x00000000d5580000,0x00000000d8e80000)
  from space 5632K, 99% used [0x00000000d9500000,0x00000000d9a7cbd8,0x00000000d9a80000)
  to   space 4608K, 0% used [0x00000000d9080000,0x00000000d9080000,0x00000000d9500000)
 ParOldGen       total 38912K, used 33978K [0x0000000080000000, 0x0000000082600000, 0x00000000d5580000)
  object space 38912K, 87% used [0x0000000080000000,0x000000008212ebb8,0x0000000082600000)
 Metaspace       used 51557K, capacity 53754K, committed 54104K, reserved 1095680K
  class space    used 6773K, capacity 7213K, committed 7296K, reserved 1048576K
}

